2021-09-21 09:09:776 INFO  BasePage :31 - Launching Chrome Browser 
2021-09-21 09:09:924 INFO  HomePage :42 - Enter Number : 98 In blank field : [[ChromeDriver: chrome on WINDOWS (405c6e0fe3a1f1e8cfe3d4eb1b94c103)] -> xpath: //input[@id='candidate']]
2021-09-21 09:09:998 INFO  HomePage :48 - Click on Add a number button : [[ChromeDriver: chrome on WINDOWS (405c6e0fe3a1f1e8cfe3d4eb1b94c103)] -> xpath: //button[contains(text(),'Add a number')]]
2021-09-21 09:09:742 INFO  HomePage :42 - Enter Number : 657 In blank field : [[ChromeDriver: chrome on WINDOWS (405c6e0fe3a1f1e8cfe3d4eb1b94c103)] -> xpath: //input[@id='candidate']]
2021-09-21 09:09:858 INFO  HomePage :48 - Click on Add a number button : [[ChromeDriver: chrome on WINDOWS (405c6e0fe3a1f1e8cfe3d4eb1b94c103)] -> xpath: //button[contains(text(),'Add a number')]]
2021-09-21 09:09:541 INFO  HomePage :42 - Enter Number : 9765 In blank field : [[ChromeDriver: chrome on WINDOWS (405c6e0fe3a1f1e8cfe3d4eb1b94c103)] -> xpath: //input[@id='candidate']]
2021-09-21 09:09:612 INFO  HomePage :48 - Click on Add a number button : [[ChromeDriver: chrome on WINDOWS (405c6e0fe3a1f1e8cfe3d4eb1b94c103)] -> xpath: //button[contains(text(),'Add a number')]]
2021-09-21 09:09:182 INFO  HomePage :72 - Getting added number 1 from : [[ChromeDriver: chrome on WINDOWS (405c6e0fe3a1f1e8cfe3d4eb1b94c103)] -> xpath: (//ul[@id='dynamic-list']//li)[1]]
2021-09-21 09:09:229 INFO  HomePage :78 - Getting added number 2 from : [[ChromeDriver: chrome on WINDOWS (405c6e0fe3a1f1e8cfe3d4eb1b94c103)] -> xpath: (//ul[@id='dynamic-list']//li)[2]]
2021-09-21 09:09:276 INFO  HomePage :84 - Getting added number 3 from : [[ChromeDriver: chrome on WINDOWS (405c6e0fe3a1f1e8cfe3d4eb1b94c103)] -> xpath: (//ul[@id='dynamic-list']//li)[3]]
2021-09-21 09:09:945 INFO  BasePage :31 - Launching Chrome Browser 
2021-09-21 09:09:96 INFO  HomePage :42 - Enter Number : 87 In blank field : [[ChromeDriver: chrome on WINDOWS (b4952e9446b124c4e64faa4693d616f6)] -> xpath: //input[@id='candidate']]
2021-09-21 09:09:165 INFO  HomePage :48 - Click on Add a number button : [[ChromeDriver: chrome on WINDOWS (b4952e9446b124c4e64faa4693d616f6)] -> xpath: //button[contains(text(),'Add a number')]]
2021-09-21 09:09:917 INFO  HomePage :42 - Enter Number : 8759 In blank field : [[ChromeDriver: chrome on WINDOWS (b4952e9446b124c4e64faa4693d616f6)] -> xpath: //input[@id='candidate']]
2021-09-21 09:09:994 INFO  HomePage :48 - Click on Add a number button : [[ChromeDriver: chrome on WINDOWS (b4952e9446b124c4e64faa4693d616f6)] -> xpath: //button[contains(text(),'Add a number')]]
2021-09-21 09:09:658 INFO  HomePage :42 - Enter Number : 139 In blank field : [[ChromeDriver: chrome on WINDOWS (b4952e9446b124c4e64faa4693d616f6)] -> xpath: //input[@id='candidate']]
2021-09-21 09:09:725 INFO  HomePage :48 - Click on Add a number button : [[ChromeDriver: chrome on WINDOWS (b4952e9446b124c4e64faa4693d616f6)] -> xpath: //button[contains(text(),'Add a number')]]
2021-09-21 09:09:304 INFO  HomePage :72 - Getting added number 1 from : [[ChromeDriver: chrome on WINDOWS (b4952e9446b124c4e64faa4693d616f6)] -> xpath: (//ul[@id='dynamic-list']//li)[1]]
2021-09-21 09:09:352 INFO  HomePage :78 - Getting added number 2 from : [[ChromeDriver: chrome on WINDOWS (b4952e9446b124c4e64faa4693d616f6)] -> xpath: (//ul[@id='dynamic-list']//li)[2]]
2021-09-21 09:09:399 INFO  HomePage :84 - Getting added number 3 from : [[ChromeDriver: chrome on WINDOWS (b4952e9446b124c4e64faa4693d616f6)] -> xpath: (//ul[@id='dynamic-list']//li)[3]]
2021-09-21 09:09:37 INFO  BasePage :31 - Launching Chrome Browser 
2021-09-21 09:09:235 INFO  HomePage :42 - Enter Number : 148 In blank field : [[ChromeDriver: chrome on WINDOWS (b3e6cfc04fdfdd9f529d3a99411501c0)] -> xpath: //input[@id='candidate']]
2021-09-21 09:09:306 INFO  HomePage :48 - Click on Add a number button : [[ChromeDriver: chrome on WINDOWS (b3e6cfc04fdfdd9f529d3a99411501c0)] -> xpath: //button[contains(text(),'Add a number')]]
2021-09-21 09:09:24 INFO  HomePage :42 - Enter Number : 8 In blank field : [[ChromeDriver: chrome on WINDOWS (b3e6cfc04fdfdd9f529d3a99411501c0)] -> xpath: //input[@id='candidate']]
2021-09-21 09:09:89 INFO  HomePage :48 - Click on Add a number button : [[ChromeDriver: chrome on WINDOWS (b3e6cfc04fdfdd9f529d3a99411501c0)] -> xpath: //button[contains(text(),'Add a number')]]
2021-09-21 09:09:759 INFO  HomePage :42 - Enter Number : 74 In blank field : [[ChromeDriver: chrome on WINDOWS (b3e6cfc04fdfdd9f529d3a99411501c0)] -> xpath: //input[@id='candidate']]
2021-09-21 09:09:827 INFO  HomePage :48 - Click on Add a number button : [[ChromeDriver: chrome on WINDOWS (b3e6cfc04fdfdd9f529d3a99411501c0)] -> xpath: //button[contains(text(),'Add a number')]]
2021-09-21 09:09:405 INFO  HomePage :72 - Getting added number 1 from : [[ChromeDriver: chrome on WINDOWS (b3e6cfc04fdfdd9f529d3a99411501c0)] -> xpath: (//ul[@id='dynamic-list']//li)[1]]
2021-09-21 09:09:451 INFO  HomePage :78 - Getting added number 2 from : [[ChromeDriver: chrome on WINDOWS (b3e6cfc04fdfdd9f529d3a99411501c0)] -> xpath: (//ul[@id='dynamic-list']//li)[2]]
2021-09-21 09:09:491 INFO  HomePage :84 - Getting added number 3 from : [[ChromeDriver: chrome on WINDOWS (b3e6cfc04fdfdd9f529d3a99411501c0)] -> xpath: (//ul[@id='dynamic-list']//li)[3]]
2021-09-21 09:09:147 INFO  BasePage :31 - Launching Chrome Browser 
2021-09-21 09:09:247 INFO  HomePage :42 - Enter Number : 5876 In blank field : [[ChromeDriver: chrome on WINDOWS (d5d2a9e5d688f0dec192d08e12e730a0)] -> xpath: //input[@id='candidate']]
2021-09-21 09:09:318 INFO  HomePage :48 - Click on Add a number button : [[ChromeDriver: chrome on WINDOWS (d5d2a9e5d688f0dec192d08e12e730a0)] -> xpath: //button[contains(text(),'Add a number')]]
2021-09-21 09:09:16 INFO  HomePage :42 - Enter Number : 48 In blank field : [[ChromeDriver: chrome on WINDOWS (d5d2a9e5d688f0dec192d08e12e730a0)] -> xpath: //input[@id='candidate']]
2021-09-21 09:09:83 INFO  HomePage :48 - Click on Add a number button : [[ChromeDriver: chrome on WINDOWS (d5d2a9e5d688f0dec192d08e12e730a0)] -> xpath: //button[contains(text(),'Add a number')]]
2021-09-21 09:09:745 INFO  HomePage :42 - Enter Number : 864 In blank field : [[ChromeDriver: chrome on WINDOWS (d5d2a9e5d688f0dec192d08e12e730a0)] -> xpath: //input[@id='candidate']]
2021-09-21 09:09:811 INFO  HomePage :48 - Click on Add a number button : [[ChromeDriver: chrome on WINDOWS (d5d2a9e5d688f0dec192d08e12e730a0)] -> xpath: //button[contains(text(),'Add a number')]]
2021-09-21 09:09:880 INFO  HomePage :60 - Click on Calculate Total button : [[ChromeDriver: chrome on WINDOWS (d5d2a9e5d688f0dec192d08e12e730a0)] -> xpath: //button[contains(text(),'Calculate Total')]]
2021-09-21 09:09:533 INFO  BasePage :31 - Launching Chrome Browser 
2021-09-21 09:09:684 INFO  HomePage :42 - Enter Number : 5876 In blank field : [[ChromeDriver: chrome on WINDOWS (ddea4a6ab4183b6df3f265dd670034f8)] -> xpath: //input[@id='candidate']]
2021-09-21 09:09:751 INFO  HomePage :48 - Click on Add a number button : [[ChromeDriver: chrome on WINDOWS (ddea4a6ab4183b6df3f265dd670034f8)] -> xpath: //button[contains(text(),'Add a number')]]
2021-09-21 09:09:483 INFO  HomePage :42 - Enter Number : 48 In blank field : [[ChromeDriver: chrome on WINDOWS (ddea4a6ab4183b6df3f265dd670034f8)] -> xpath: //input[@id='candidate']]
2021-09-21 09:09:546 INFO  HomePage :48 - Click on Add a number button : [[ChromeDriver: chrome on WINDOWS (ddea4a6ab4183b6df3f265dd670034f8)] -> xpath: //button[contains(text(),'Add a number')]]
2021-09-21 09:09:211 INFO  HomePage :42 - Enter Number : 864 In blank field : [[ChromeDriver: chrome on WINDOWS (ddea4a6ab4183b6df3f265dd670034f8)] -> xpath: //input[@id='candidate']]
2021-09-21 09:09:280 INFO  HomePage :48 - Click on Add a number button : [[ChromeDriver: chrome on WINDOWS (ddea4a6ab4183b6df3f265dd670034f8)] -> xpath: //button[contains(text(),'Add a number')]]
2021-09-21 09:09:347 INFO  HomePage :60 - Click on Calculate Total button : [[ChromeDriver: chrome on WINDOWS (ddea4a6ab4183b6df3f265dd670034f8)] -> xpath: //button[contains(text(),'Calculate Total')]]
2021-09-21 09:09:427 INFO  HomePage :66 - Getting text from : [[ChromeDriver: chrome on WINDOWS (ddea4a6ab4183b6df3f265dd670034f8)] -> xpath: //span[@class='total_value']]
2021-09-21 09:09:91 INFO  BasePage :31 - Launching Chrome Browser 
2021-09-21 09:09:249 INFO  HomePage :42 - Enter Number : 5876 In blank field : [[ChromeDriver: chrome on WINDOWS (365045167b2f9b99a5f224f5f6508f51)] -> xpath: //input[@id='candidate']]
2021-09-21 09:09:314 INFO  HomePage :48 - Click on Add a number button : [[ChromeDriver: chrome on WINDOWS (365045167b2f9b99a5f224f5f6508f51)] -> xpath: //button[contains(text(),'Add a number')]]
2021-09-21 09:09:26 INFO  HomePage :42 - Enter Number : 48 In blank field : [[ChromeDriver: chrome on WINDOWS (365045167b2f9b99a5f224f5f6508f51)] -> xpath: //input[@id='candidate']]
2021-09-21 09:09:86 INFO  HomePage :48 - Click on Add a number button : [[ChromeDriver: chrome on WINDOWS (365045167b2f9b99a5f224f5f6508f51)] -> xpath: //button[contains(text(),'Add a number')]]
2021-09-21 09:09:762 INFO  HomePage :42 - Enter Number : 864 In blank field : [[ChromeDriver: chrome on WINDOWS (365045167b2f9b99a5f224f5f6508f51)] -> xpath: //input[@id='candidate']]
2021-09-21 09:09:829 INFO  HomePage :48 - Click on Add a number button : [[ChromeDriver: chrome on WINDOWS (365045167b2f9b99a5f224f5f6508f51)] -> xpath: //button[contains(text(),'Add a number')]]
2021-09-21 09:09:394 INFO  HomePage :54 - Click on Remove a number button : [[ChromeDriver: chrome on WINDOWS (365045167b2f9b99a5f224f5f6508f51)] -> xpath: //button[contains(text(),'Remove a number')]]
2021-09-21 09:09:528 INFO  HomePage :84 - Getting added number 3 from : Proxy element for: DefaultElementLocator 'By.xpath: (//ul[@id='dynamic-list']//li)[3]'
2021-09-21 09:09:241 INFO  BasePage :31 - Launching Chrome Browser 
2021-09-21 09:09:503 INFO  HomePage :42 - Enter Number : 5876 In blank field : [[ChromeDriver: chrome on WINDOWS (1da0a78d35248e81e2b5de0bd9788b49)] -> xpath: //input[@id='candidate']]
2021-09-21 09:09:574 INFO  HomePage :48 - Click on Add a number button : [[ChromeDriver: chrome on WINDOWS (1da0a78d35248e81e2b5de0bd9788b49)] -> xpath: //button[contains(text(),'Add a number')]]
2021-09-21 09:09:248 INFO  HomePage :42 - Enter Number : 48 In blank field : [[ChromeDriver: chrome on WINDOWS (1da0a78d35248e81e2b5de0bd9788b49)] -> xpath: //input[@id='candidate']]
2021-09-21 09:09:312 INFO  HomePage :48 - Click on Add a number button : [[ChromeDriver: chrome on WINDOWS (1da0a78d35248e81e2b5de0bd9788b49)] -> xpath: //button[contains(text(),'Add a number')]]
2021-09-21 09:09:998 INFO  HomePage :42 - Enter Number : 864 In blank field : [[ChromeDriver: chrome on WINDOWS (1da0a78d35248e81e2b5de0bd9788b49)] -> xpath: //input[@id='candidate']]
2021-09-21 09:09:68 INFO  HomePage :48 - Click on Add a number button : [[ChromeDriver: chrome on WINDOWS (1da0a78d35248e81e2b5de0bd9788b49)] -> xpath: //button[contains(text(),'Add a number')]]
2021-09-21 09:09:631 INFO  HomePage :54 - Click on Remove a number button : [[ChromeDriver: chrome on WINDOWS (1da0a78d35248e81e2b5de0bd9788b49)] -> xpath: //button[contains(text(),'Remove a number')]]
2021-09-21 09:09:719 INFO  HomePage :60 - Click on Calculate Total button : [[ChromeDriver: chrome on WINDOWS (1da0a78d35248e81e2b5de0bd9788b49)] -> xpath: //button[contains(text(),'Calculate Total')]]
2021-09-21 09:09:787 INFO  HomePage :66 - Getting text from : [[ChromeDriver: chrome on WINDOWS (1da0a78d35248e81e2b5de0bd9788b49)] -> xpath: //span[@class='total_value']]
